<?xml version="1.0" encoding="UTF-8"?>
<!-- Generated by org.testng.reporters.JUnitReportReporter -->
<testsuite skipped="0" hostname="VBITCPUI04" name="hcm6" tests="19" failures="0" timestamp="26 Apr 2019 09:44:52 GMT" time="471.014" errors="0">
  <testcase name="reg" time="24.755" classname="hcm6"/>
  <testcase name="reg" time="24.836" classname="hcm6"/>
  <testcase name="reg" time="24.775" classname="hcm6"/>
  <testcase name="reg" time="24.763" classname="hcm6"/>
  <testcase name="reg" time="24.702" classname="hcm6"/>
  <testcase name="reg" time="24.707" classname="hcm6"/>
  <testcase name="reg" time="24.805" classname="hcm6"/>
  <testcase name="reg" time="25.003" classname="hcm6"/>
  <testcase name="reg" time="24.780" classname="hcm6"/>
  <testcase name="reg" time="24.953" classname="hcm6"/>
  <testcase name="reg" time="24.770" classname="hcm6"/>
  <testcase name="reg" time="24.790" classname="hcm6"/>
  <testcase name="reg" time="24.720" classname="hcm6"/>
  <testcase name="reg" time="24.838" classname="hcm6"/>
  <testcase name="reg" time="24.831" classname="hcm6"/>
  <testcase name="reg" time="24.784" classname="hcm6"/>
  <testcase name="reg" time="24.717" classname="hcm6"/>
  <testcase name="reg" time="24.718" classname="hcm6"/>
  <testcase name="reg" time="24.767" classname="hcm6"/>
</testsuite> <!-- hcm6 -->
