<?xml version="1.0" encoding="UTF-8"?>
<!-- Generated by org.testng.reporters.JUnitReportReporter -->
<testsuite skipped="0" hostname="VBITCPUI04" name="hcm4" tests="3" failures="0" timestamp="26 Apr 2019 08:41:50 GMT" time="61.678" errors="0">
  <testcase name="reg" time="20.539" classname="hcm4"/>
  <testcase name="reg" time="20.617" classname="hcm4"/>
  <testcase name="reg" time="20.522" classname="hcm4"/>
</testsuite> <!-- hcm4 -->
