<?xml version="1.0" encoding="UTF-8"?>
<!-- Generated by org.testng.reporters.JUnitReportReporter -->
<testsuite skipped="0" hostname="VBITCPUI04" name="hcm4" tests="25" failures="0" timestamp="30 Apr 2019 11:11:13 GMT" time="514.391" errors="0">
  <testcase name="reg" time="20.533" classname="hcm4"/>
  <testcase name="reg" time="20.605" classname="hcm4"/>
  <testcase name="reg" time="20.612" classname="hcm4"/>
  <testcase name="reg" time="20.544" classname="hcm4"/>
  <testcase name="reg" time="20.534" classname="hcm4"/>
  <testcase name="reg" time="20.555" classname="hcm4"/>
  <testcase name="reg" time="20.500" classname="hcm4"/>
  <testcase name="reg" time="20.548" classname="hcm4"/>
  <testcase name="reg" time="20.536" classname="hcm4"/>
  <testcase name="reg" time="20.622" classname="hcm4"/>
  <testcase name="reg" time="20.649" classname="hcm4"/>
  <testcase name="reg" time="20.542" classname="hcm4"/>
  <testcase name="reg" time="20.453" classname="hcm4"/>
  <testcase name="reg" time="20.629" classname="hcm4"/>
  <testcase name="reg" time="20.575" classname="hcm4"/>
  <testcase name="reg" time="20.524" classname="hcm4"/>
  <testcase name="reg" time="20.605" classname="hcm4"/>
  <testcase name="reg" time="20.650" classname="hcm4"/>
  <testcase name="reg" time="20.636" classname="hcm4"/>
  <testcase name="reg" time="20.713" classname="hcm4"/>
  <testcase name="reg" time="20.547" classname="hcm4"/>
  <testcase name="reg" time="20.622" classname="hcm4"/>
  <testcase name="reg" time="20.459" classname="hcm4"/>
  <testcase name="reg" time="20.586" classname="hcm4"/>
  <testcase name="reg" time="20.612" classname="hcm4"/>
</testsuite> <!-- hcm4 -->
